Copyright 1986-2019 Xilinx, Inc. All Rights Reserved.
-------------------------------------------------------------------------------------------------------------------------------------------------------
| Tool Version     : Vivado v.2019.2 (win64) Build 2708876 Wed Nov  6 21:40:23 MST 2019
| Date             : Wed Feb 14 10:32:30 2024
| Host             : EESBACHIMAN1 running 64-bit major release  (build 9200)
| Command          : report_power -file iq2mp_18bit_power_routed.rpt -pb iq2mp_18bit_power_summary_routed.pb -rpx iq2mp_18bit_power_routed.rpx
| Design           : iq2mp_18bit
| Device           : xc7a200tsbg484-1
| Design State     : routed
| Grade            : commercial
| Process          : typical
| Characterization : Production
-------------------------------------------------------------------------------------------------------------------------------------------------------

Power Report

Table of Contents
-----------------
1. Summary
1.1 On-Chip Components
1.2 Power Supply Summary
1.3 Confidence Level
2. Settings
2.1 Environment
2.2 Clock Constraints
3. Detailed Reports
3.1 By Hierarchy

1. Summary
----------

+--------------------------+----------------------------------+
| Total On-Chip Power (W)  | 97.478 (Junction temp exceeded!) |
| Design Power Budget (W)  | Unspecified*                     |
| Power Budget Margin (W)  | NA                               |
| Dynamic (W)              | 95.804                           |
| Device Static (W)        | 1.674                            |
| Effective TJA (C/W)      | 3.3                              |
| Max Ambient (C)          | 0.0                              |
| Junction Temperature (C) | 125.0                            |
| Confidence Level         | Low                              |
| Setting File             | ---                              |
| Simulation Activity File | ---                              |
| Design Nets Matched      | NA                               |
+--------------------------+----------------------------------+
* Specify Design Power Budget using, set_operating_conditions -design_power_budget <value in Watts>


1.1 On-Chip Components
----------------------

+----------------+-----------+----------+-----------+-----------------+
| On-Chip        | Power (W) | Used     | Available | Utilization (%) |
+----------------+-----------+----------+-----------+-----------------+
| Slice Logic    |    23.271 |     3653 |       --- |             --- |
|   LUT as Logic |    18.486 |     1466 |    133800 |            1.10 |
|   CARRY4       |     3.176 |      432 |     33450 |            1.29 |
|   Register     |     1.603 |     1480 |    267600 |            0.55 |
|   BUFG         |     0.006 |        1 |        32 |            3.13 |
|   Others       |     0.000 |       30 |       --- |             --- |
| Signals        |    21.599 |     2161 |       --- |             --- |
| I/O            |    50.934 |       93 |       285 |           32.63 |
| Static Power   |     1.674 |          |           |                 |
| Total          |    97.478 |          |           |                 |
+----------------+-----------+----------+-----------+-----------------+


1.2 Power Supply Summary
------------------------

+-----------+-------------+-----------+-------------+------------+
| Source    | Voltage (V) | Total (A) | Dynamic (A) | Static (A) |
+-----------+-------------+-----------+-------------+------------+
| Vccint    |       1.000 |    46.229 |      45.018 |      1.210 |
| Vccaux    |       1.800 |     4.363 |       4.157 |      0.206 |
| Vcco33    |       3.300 |     0.000 |       0.000 |      0.000 |
| Vcco25    |       2.500 |     0.000 |       0.000 |      0.000 |
| Vcco18    |       1.800 |    24.062 |      24.057 |      0.005 |
| Vcco15    |       1.500 |     0.000 |       0.000 |      0.000 |
| Vcco135   |       1.350 |     0.000 |       0.000 |      0.000 |
| Vcco12    |       1.200 |     0.000 |       0.000 |      0.000 |
| Vccaux_io |       1.800 |     0.000 |       0.000 |      0.000 |
| Vccbram   |       1.000 |     0.048 |       0.000 |      0.048 |
| MGTAVcc   |       1.000 |     0.000 |       0.000 |      0.000 |
| MGTAVtt   |       1.200 |     0.000 |       0.000 |      0.000 |
| Vccadc    |       1.800 |     0.020 |       0.000 |      0.020 |
+-----------+-------------+-----------+-------------+------------+


1.3 Confidence Level
--------------------

+-----------------------------+------------+--------------------------------------------------------+--------------------------------------------------------------------------------------------------------------------+
| User Input Data             | Confidence | Details                                                | Action                                                                                                             |
+-----------------------------+------------+--------------------------------------------------------+--------------------------------------------------------------------------------------------------------------------+
| Design implementation state | High       | Design is routed                                       |                                                                                                                    |
| Clock nodes activity        | Low        | User specified less than 75% of clocks                 | Provide missing clock activity with a constraint file, simulation results or by editing the "By Clock Domain" view |
| I/O nodes activity          | Low        | More than 75% of inputs are missing user specification | Provide missing input activity with simulation results or by editing the "By Resource Type -> I/Os" view           |
| Internal nodes activity     | Medium     | User specified less than 25% of internal nodes         | Provide missing internal nodes activity with simulation results or by editing the "By Resource Type" views         |
| Device models               | High       | Device models are Production                           |                                                                                                                    |
|                             |            |                                                        |                                                                                                                    |
| Overall confidence level    | Low        |                                                        |                                                                                                                    |
+-----------------------------+------------+--------------------------------------------------------+--------------------------------------------------------------------------------------------------------------------+


2. Settings
-----------

2.1 Environment
---------------

+-----------------------+--------------------------+
| Ambient Temp (C)      | 25.0                     |
| ThetaJA (C/W)         | 3.3                      |
| Airflow (LFM)         | 250                      |
| Heat Sink             | medium (Medium Profile)  |
| ThetaSA (C/W)         | 4.6                      |
| Board Selection       | medium (10"x10")         |
| # of Board Layers     | 12to15 (12 to 15 Layers) |
| Board Temperature (C) | 25.0                     |
+-----------------------+--------------------------+


2.2 Clock Constraints
---------------------

+-------+--------+-----------------+
| Clock | Domain | Constraint (ns) |
+-------+--------+-----------------+


3. Detailed Reports
-------------------

3.1 By Hierarchy
----------------

+------------------------------------------+-----------+
| Name                                     | Power (W) |
+------------------------------------------+-----------+
| iq2mp_18bit                              |    95.804 |
|   iq2mp_reg_gen                          |     2.252 |
|   iq2mp_reg_gen_i[0].iq2mp_single_reg_i  |     1.377 |
|   iq2mp_reg_gen_i[10].iq2mp_single_reg_i |     2.007 |
|   iq2mp_reg_gen_i[11].iq2mp_single_reg_i |     1.917 |
|   iq2mp_reg_gen_i[12].iq2mp_single_reg_i |     1.927 |
|   iq2mp_reg_gen_i[13].iq2mp_single_reg_i |     1.800 |
|   iq2mp_reg_gen_i[14].iq2mp_single_reg_i |     1.864 |
|   iq2mp_reg_gen_i[15].iq2mp_single_reg_i |     1.708 |
|   iq2mp_reg_gen_i[16].iq2mp_single_reg_i |     1.089 |
|   iq2mp_reg_gen_i[17].iq2mp_single_reg_i |     4.898 |
|   iq2mp_reg_gen_i[1].iq2mp_single_reg_i  |     2.145 |
|   iq2mp_reg_gen_i[2].iq2mp_single_reg_i  |     2.424 |
|   iq2mp_reg_gen_i[3].iq2mp_single_reg_i  |     2.284 |
|   iq2mp_reg_gen_i[4].iq2mp_single_reg_i  |     2.067 |
|   iq2mp_reg_gen_i[5].iq2mp_single_reg_i  |     2.072 |
|   iq2mp_reg_gen_i[6].iq2mp_single_reg_i  |     2.131 |
|   iq2mp_reg_gen_i[7].iq2mp_single_reg_i  |     2.078 |
|   iq2mp_reg_gen_i[8].iq2mp_single_reg_i  |     2.184 |
|   iq2mp_reg_gen_i[9].iq2mp_single_reg_i  |     2.049 |
+------------------------------------------+-----------+


