Copyright 1986-2019 Xilinx, Inc. All Rights Reserved.
-----------------------------------------------------------------------------------------------------------------------------------------------------------------------------------------------------
| Tool Version : Vivado v.2019.2 (win64) Build 2708876 Wed Nov  6 21:40:23 MST 2019
| Date         : Mon Sep 23 16:51:34 2024
| Host         : EESBACHIMAN1 running 64-bit major release  (build 9200)
| Command      : report_methodology -file llrf3p0_digitizer_top_methodology_drc_routed.rpt -pb llrf3p0_digitizer_top_methodology_drc_routed.pb -rpx llrf3p0_digitizer_top_methodology_drc_routed.rpx
| Design       : llrf3p0_digitizer_top
| Device       : xc7a200tsbg484-1
| Speed File   : -1
| Design State : Fully Routed
-----------------------------------------------------------------------------------------------------------------------------------------------------------------------------------------------------

Report Methodology

Table of Contents
-----------------
1. REPORT SUMMARY
2. REPORT DETAILS

1. REPORT SUMMARY
-----------------
            Netlist: netlist
          Floorplan: design_1
      Design limits: <entire design considered>
             Max violations: <unlimited>
             Violations found: 236
+-----------+------------------+-------------------------------+------------+
| Rule      | Severity         | Description                   | Violations |
+-----------+------------------+-------------------------------+------------+
| TIMING-17 | Critical Warning | Non-clocked sequential cell   | 188        |
| TIMING-18 | Warning          | Missing input or output delay | 48         |
+-----------+------------------+-------------------------------+------------+

2. REPORT DETAILS
-----------------
TIMING-17#1 Critical Warning
Non-clocked sequential cell  
The clock pin lmk04808_inst/q_reg[clkuwire]/C is not reached by a timing clock
Related violations: <none>

TIMING-17#2 Critical Warning
Non-clocked sequential cell  
The clock pin lmk04808_inst/q_reg[data_ld_wait_cnt][0]/C is not reached by a timing clock
Related violations: <none>

TIMING-17#3 Critical Warning
Non-clocked sequential cell  
The clock pin lmk04808_inst/q_reg[data_ld_wait_cnt][1]/C is not reached by a timing clock
Related violations: <none>

TIMING-17#4 Critical Warning
Non-clocked sequential cell  
The clock pin lmk04808_inst/q_reg[data_ld_wait_cnt][2]/C is not reached by a timing clock
Related violations: <none>

TIMING-17#5 Critical Warning
Non-clocked sequential cell  
The clock pin lmk04808_inst/q_reg[data_ld_wait_cnt][3]/C is not reached by a timing clock
Related violations: <none>

TIMING-17#6 Critical Warning
Non-clocked sequential cell  
The clock pin lmk04808_inst/q_reg[data_ld_wait_cnt][4]/C is not reached by a timing clock
Related violations: <none>

TIMING-17#7 Critical Warning
Non-clocked sequential cell  
The clock pin lmk04808_inst/q_reg[data_ld_wait_cnt][5]/C is not reached by a timing clock
Related violations: <none>

TIMING-17#8 Critical Warning
Non-clocked sequential cell  
The clock pin lmk04808_inst/q_reg[data_ld_wait_cnt][6]/C is not reached by a timing clock
Related violations: <none>

TIMING-17#9 Critical Warning
Non-clocked sequential cell  
The clock pin lmk04808_inst/q_reg[data_ld_wait_cnt][7]/C is not reached by a timing clock
Related violations: <none>

TIMING-17#10 Critical Warning
Non-clocked sequential cell  
The clock pin lmk04808_inst/q_reg[data_ld_wait_cnt][8]/C is not reached by a timing clock
Related violations: <none>

TIMING-17#11 Critical Warning
Non-clocked sequential cell  
The clock pin lmk04808_inst/q_reg[data_ld_wait_cnt][9]/C is not reached by a timing clock
Related violations: <none>

TIMING-17#12 Critical Warning
Non-clocked sequential cell  
The clock pin lmk04808_inst/q_reg[datauwire]/C is not reached by a timing clock
Related violations: <none>

TIMING-17#13 Critical Warning
Non-clocked sequential cell  
The clock pin lmk04808_inst/q_reg[le_cnt][0]/C is not reached by a timing clock
Related violations: <none>

TIMING-17#14 Critical Warning
Non-clocked sequential cell  
The clock pin lmk04808_inst/q_reg[le_cnt][1]/C is not reached by a timing clock
Related violations: <none>

TIMING-17#15 Critical Warning
Non-clocked sequential cell  
The clock pin lmk04808_inst/q_reg[le_cnt][2]/C is not reached by a timing clock
Related violations: <none>

TIMING-17#16 Critical Warning
Non-clocked sequential cell  
The clock pin lmk04808_inst/q_reg[le_cnt][3]/C is not reached by a timing clock
Related violations: <none>

TIMING-17#17 Critical Warning
Non-clocked sequential cell  
The clock pin lmk04808_inst/q_reg[le_cnt][4]/C is not reached by a timing clock
Related violations: <none>

TIMING-17#18 Critical Warning
Non-clocked sequential cell  
The clock pin lmk04808_inst/q_reg[le_cnt][5]/C is not reached by a timing clock
Related violations: <none>

TIMING-17#19 Critical Warning
Non-clocked sequential cell  
The clock pin lmk04808_inst/q_reg[le_cnt][6]/C is not reached by a timing clock
Related violations: <none>

TIMING-17#20 Critical Warning
Non-clocked sequential cell  
The clock pin lmk04808_inst/q_reg[le_cnt][7]/C is not reached by a timing clock
Related violations: <none>

TIMING-17#21 Critical Warning
Non-clocked sequential cell  
The clock pin lmk04808_inst/q_reg[le_cnt][8]/C is not reached by a timing clock
Related violations: <none>

TIMING-17#22 Critical Warning
Non-clocked sequential cell  
The clock pin lmk04808_inst/q_reg[le_cnt][9]/C is not reached by a timing clock
Related violations: <none>

TIMING-17#23 Critical Warning
Non-clocked sequential cell  
The clock pin lmk04808_inst/q_reg[leuwire]/C is not reached by a timing clock
Related violations: <none>

TIMING-17#24 Critical Warning
Non-clocked sequential cell  
The clock pin lmk04808_inst/q_reg[lmk_init][0]/C is not reached by a timing clock
Related violations: <none>

TIMING-17#25 Critical Warning
Non-clocked sequential cell  
The clock pin lmk04808_inst/q_reg[lmk_init][1]/C is not reached by a timing clock
Related violations: <none>

TIMING-17#26 Critical Warning
Non-clocked sequential cell  
The clock pin lmk04808_inst/q_reg[lmk_init][2]/C is not reached by a timing clock
Related violations: <none>

TIMING-17#27 Critical Warning
Non-clocked sequential cell  
The clock pin lmk04808_inst/q_reg[lmk_init][3]/C is not reached by a timing clock
Related violations: <none>

TIMING-17#28 Critical Warning
Non-clocked sequential cell  
The clock pin lmk04808_inst/q_reg[pll_bit_cnt][0]/C is not reached by a timing clock
Related violations: <none>

TIMING-17#29 Critical Warning
Non-clocked sequential cell  
The clock pin lmk04808_inst/q_reg[pll_bit_cnt][1]/C is not reached by a timing clock
Related violations: <none>

TIMING-17#30 Critical Warning
Non-clocked sequential cell  
The clock pin lmk04808_inst/q_reg[pll_bit_cnt][2]/C is not reached by a timing clock
Related violations: <none>

TIMING-17#31 Critical Warning
Non-clocked sequential cell  
The clock pin lmk04808_inst/q_reg[pll_bit_cnt][3]/C is not reached by a timing clock
Related violations: <none>

TIMING-17#32 Critical Warning
Non-clocked sequential cell  
The clock pin lmk04808_inst/q_reg[pll_bit_cnt][4]/C is not reached by a timing clock
Related violations: <none>

TIMING-17#33 Critical Warning
Non-clocked sequential cell  
The clock pin lmk04808_inst/q_reg[pll_data][0][0]/C is not reached by a timing clock
Related violations: <none>

TIMING-17#34 Critical Warning
Non-clocked sequential cell  
The clock pin lmk04808_inst/q_reg[pll_data][0][10]/C is not reached by a timing clock
Related violations: <none>

TIMING-17#35 Critical Warning
Non-clocked sequential cell  
The clock pin lmk04808_inst/q_reg[pll_data][0][31]/C is not reached by a timing clock
Related violations: <none>

TIMING-17#36 Critical Warning
Non-clocked sequential cell  
The clock pin lmk04808_inst/q_reg[pll_data][0][8]/C is not reached by a timing clock
Related violations: <none>

TIMING-17#37 Critical Warning
Non-clocked sequential cell  
The clock pin lmk04808_inst/q_reg[pll_data][0][9]/C is not reached by a timing clock
Related violations: <none>

TIMING-17#38 Critical Warning
Non-clocked sequential cell  
The clock pin lmk04808_inst/q_reg[pll_data][1][0]/C is not reached by a timing clock
Related violations: <none>

TIMING-17#39 Critical Warning
Non-clocked sequential cell  
The clock pin lmk04808_inst/q_reg[pll_data][1][18]/C is not reached by a timing clock
Related violations: <none>

TIMING-17#40 Critical Warning
Non-clocked sequential cell  
The clock pin lmk04808_inst/q_reg[pll_data][1][1]/C is not reached by a timing clock
Related violations: <none>

TIMING-17#41 Critical Warning
Non-clocked sequential cell  
The clock pin lmk04808_inst/q_reg[pll_data][1][22]/C is not reached by a timing clock
Related violations: <none>

TIMING-17#42 Critical Warning
Non-clocked sequential cell  
The clock pin lmk04808_inst/q_reg[pll_data][1][24]/C is not reached by a timing clock
Related violations: <none>

TIMING-17#43 Critical Warning
Non-clocked sequential cell  
The clock pin lmk04808_inst/q_reg[pll_data][1][26]/C is not reached by a timing clock
Related violations: <none>

TIMING-17#44 Critical Warning
Non-clocked sequential cell  
The clock pin lmk04808_inst/q_reg[pll_data][1][2]/C is not reached by a timing clock
Related violations: <none>

TIMING-17#45 Critical Warning
Non-clocked sequential cell  
The clock pin lmk04808_inst/q_reg[pll_data][1][31]/C is not reached by a timing clock
Related violations: <none>

TIMING-17#46 Critical Warning
Non-clocked sequential cell  
The clock pin lmk04808_inst/q_reg[pll_data][1][8]/C is not reached by a timing clock
Related violations: <none>

TIMING-17#47 Critical Warning
Non-clocked sequential cell  
The clock pin lmk04808_inst/q_reg[pll_data][2][0]/C is not reached by a timing clock
Related violations: <none>

TIMING-17#48 Critical Warning
Non-clocked sequential cell  
The clock pin lmk04808_inst/q_reg[pll_data][2][12]/C is not reached by a timing clock
Related violations: <none>

TIMING-17#49 Critical Warning
Non-clocked sequential cell  
The clock pin lmk04808_inst/q_reg[pll_data][2][17]/C is not reached by a timing clock
Related violations: <none>

TIMING-17#50 Critical Warning
Non-clocked sequential cell  
The clock pin lmk04808_inst/q_reg[pll_data][2][18]/C is not reached by a timing clock
Related violations: <none>

TIMING-17#51 Critical Warning
Non-clocked sequential cell  
The clock pin lmk04808_inst/q_reg[pll_data][2][1]/C is not reached by a timing clock
Related violations: <none>

TIMING-17#52 Critical Warning
Non-clocked sequential cell  
The clock pin lmk04808_inst/q_reg[pll_data][2][24]/C is not reached by a timing clock
Related violations: <none>

TIMING-17#53 Critical Warning
Non-clocked sequential cell  
The clock pin lmk04808_inst/q_reg[pll_data][2][25]/C is not reached by a timing clock
Related violations: <none>

TIMING-17#54 Critical Warning
Non-clocked sequential cell  
The clock pin lmk04808_inst/q_reg[pll_data][2][28]/C is not reached by a timing clock
Related violations: <none>

TIMING-17#55 Critical Warning
Non-clocked sequential cell  
The clock pin lmk04808_inst/q_reg[pll_data][2][29]/C is not reached by a timing clock
Related violations: <none>

TIMING-17#56 Critical Warning
Non-clocked sequential cell  
The clock pin lmk04808_inst/q_reg[pll_data][2][2]/C is not reached by a timing clock
Related violations: <none>

TIMING-17#57 Critical Warning
Non-clocked sequential cell  
The clock pin lmk04808_inst/q_reg[pll_data][2][30]/C is not reached by a timing clock
Related violations: <none>

TIMING-17#58 Critical Warning
Non-clocked sequential cell  
The clock pin lmk04808_inst/q_reg[pll_data][2][31]/C is not reached by a timing clock
Related violations: <none>

TIMING-17#59 Critical Warning
Non-clocked sequential cell  
The clock pin lmk04808_inst/q_reg[pll_data][2][3]/C is not reached by a timing clock
Related violations: <none>

TIMING-17#60 Critical Warning
Non-clocked sequential cell  
The clock pin lmk04808_inst/q_reg[pll_data][2][5]/C is not reached by a timing clock
Related violations: <none>

TIMING-17#61 Critical Warning
Non-clocked sequential cell  
The clock pin lmk04808_inst/q_reg[pll_data][2][6]/C is not reached by a timing clock
Related violations: <none>

TIMING-17#62 Critical Warning
Non-clocked sequential cell  
The clock pin lmk04808_inst/q_reg[pll_data][3][0]/C is not reached by a timing clock
Related violations: <none>

TIMING-17#63 Critical Warning
Non-clocked sequential cell  
The clock pin lmk04808_inst/q_reg[pll_data][3][16]/C is not reached by a timing clock
Related violations: <none>

TIMING-17#64 Critical Warning
Non-clocked sequential cell  
The clock pin lmk04808_inst/q_reg[pll_data][3][18]/C is not reached by a timing clock
Related violations: <none>

TIMING-17#65 Critical Warning
Non-clocked sequential cell  
The clock pin lmk04808_inst/q_reg[pll_data][3][19]/C is not reached by a timing clock
Related violations: <none>

TIMING-17#66 Critical Warning
Non-clocked sequential cell  
The clock pin lmk04808_inst/q_reg[pll_data][3][1]/C is not reached by a timing clock
Related violations: <none>

TIMING-17#67 Critical Warning
Non-clocked sequential cell  
The clock pin lmk04808_inst/q_reg[pll_data][3][20]/C is not reached by a timing clock
Related violations: <none>

TIMING-17#68 Critical Warning
Non-clocked sequential cell  
The clock pin lmk04808_inst/q_reg[pll_data][3][22]/C is not reached by a timing clock
Related violations: <none>

TIMING-17#69 Critical Warning
Non-clocked sequential cell  
The clock pin lmk04808_inst/q_reg[pll_data][3][23]/C is not reached by a timing clock
Related violations: <none>

TIMING-17#70 Critical Warning
Non-clocked sequential cell  
The clock pin lmk04808_inst/q_reg[pll_data][3][24]/C is not reached by a timing clock
Related violations: <none>

TIMING-17#71 Critical Warning
Non-clocked sequential cell  
The clock pin lmk04808_inst/q_reg[pll_data][3][25]/C is not reached by a timing clock
Related violations: <none>

TIMING-17#72 Critical Warning
Non-clocked sequential cell  
The clock pin lmk04808_inst/q_reg[pll_data][3][27]/C is not reached by a timing clock
Related violations: <none>

TIMING-17#73 Critical Warning
Non-clocked sequential cell  
The clock pin lmk04808_inst/q_reg[pll_data][3][28]/C is not reached by a timing clock
Related violations: <none>

TIMING-17#74 Critical Warning
Non-clocked sequential cell  
The clock pin lmk04808_inst/q_reg[pll_data][3][2]/C is not reached by a timing clock
Related violations: <none>

TIMING-17#75 Critical Warning
Non-clocked sequential cell  
The clock pin lmk04808_inst/q_reg[pll_data][3][31]/C is not reached by a timing clock
Related violations: <none>

TIMING-17#76 Critical Warning
Non-clocked sequential cell  
The clock pin lmk04808_inst/q_reg[pll_data][3][7]/C is not reached by a timing clock
Related violations: <none>

TIMING-17#77 Critical Warning
Non-clocked sequential cell  
The clock pin lmk04808_inst/q_reg[pll_data][3][8]/C is not reached by a timing clock
Related violations: <none>

TIMING-17#78 Critical Warning
Non-clocked sequential cell  
The clock pin lmk04808_inst/q_reg[pll_data][4][0]/C is not reached by a timing clock
Related violations: <none>

TIMING-17#79 Critical Warning
Non-clocked sequential cell  
The clock pin lmk04808_inst/q_reg[pll_data][4][10]/C is not reached by a timing clock
Related violations: <none>

TIMING-17#80 Critical Warning
Non-clocked sequential cell  
The clock pin lmk04808_inst/q_reg[pll_data][4][12]/C is not reached by a timing clock
Related violations: <none>

TIMING-17#81 Critical Warning
Non-clocked sequential cell  
The clock pin lmk04808_inst/q_reg[pll_data][4][14]/C is not reached by a timing clock
Related violations: <none>

TIMING-17#82 Critical Warning
Non-clocked sequential cell  
The clock pin lmk04808_inst/q_reg[pll_data][4][15]/C is not reached by a timing clock
Related violations: <none>

TIMING-17#83 Critical Warning
Non-clocked sequential cell  
The clock pin lmk04808_inst/q_reg[pll_data][4][16]/C is not reached by a timing clock
Related violations: <none>

TIMING-17#84 Critical Warning
Non-clocked sequential cell  
The clock pin lmk04808_inst/q_reg[pll_data][4][17]/C is not reached by a timing clock
Related violations: <none>

TIMING-17#85 Critical Warning
Non-clocked sequential cell  
The clock pin lmk04808_inst/q_reg[pll_data][4][18]/C is not reached by a timing clock
Related violations: <none>

TIMING-17#86 Critical Warning
Non-clocked sequential cell  
The clock pin lmk04808_inst/q_reg[pll_data][4][19]/C is not reached by a timing clock
Related violations: <none>

TIMING-17#87 Critical Warning
Non-clocked sequential cell  
The clock pin lmk04808_inst/q_reg[pll_data][4][1]/C is not reached by a timing clock
Related violations: <none>

TIMING-17#88 Critical Warning
Non-clocked sequential cell  
The clock pin lmk04808_inst/q_reg[pll_data][4][20]/C is not reached by a timing clock
Related violations: <none>

TIMING-17#89 Critical Warning
Non-clocked sequential cell  
The clock pin lmk04808_inst/q_reg[pll_data][4][21]/C is not reached by a timing clock
Related violations: <none>

TIMING-17#90 Critical Warning
Non-clocked sequential cell  
The clock pin lmk04808_inst/q_reg[pll_data][4][22]/C is not reached by a timing clock
Related violations: <none>

TIMING-17#91 Critical Warning
Non-clocked sequential cell  
The clock pin lmk04808_inst/q_reg[pll_data][4][23]/C is not reached by a timing clock
Related violations: <none>

TIMING-17#92 Critical Warning
Non-clocked sequential cell  
The clock pin lmk04808_inst/q_reg[pll_data][4][24]/C is not reached by a timing clock
Related violations: <none>

TIMING-17#93 Critical Warning
Non-clocked sequential cell  
The clock pin lmk04808_inst/q_reg[pll_data][4][25]/C is not reached by a timing clock
Related violations: <none>

TIMING-17#94 Critical Warning
Non-clocked sequential cell  
The clock pin lmk04808_inst/q_reg[pll_data][4][26]/C is not reached by a timing clock
Related violations: <none>

TIMING-17#95 Critical Warning
Non-clocked sequential cell  
The clock pin lmk04808_inst/q_reg[pll_data][4][27]/C is not reached by a timing clock
Related violations: <none>

TIMING-17#96 Critical Warning
Non-clocked sequential cell  
The clock pin lmk04808_inst/q_reg[pll_data][4][28]/C is not reached by a timing clock
Related violations: <none>

TIMING-17#97 Critical Warning
Non-clocked sequential cell  
The clock pin lmk04808_inst/q_reg[pll_data][4][29]/C is not reached by a timing clock
Related violations: <none>

TIMING-17#98 Critical Warning
Non-clocked sequential cell  
The clock pin lmk04808_inst/q_reg[pll_data][4][2]/C is not reached by a timing clock
Related violations: <none>

TIMING-17#99 Critical Warning
Non-clocked sequential cell  
The clock pin lmk04808_inst/q_reg[pll_data][4][30]/C is not reached by a timing clock
Related violations: <none>

TIMING-17#100 Critical Warning
Non-clocked sequential cell  
The clock pin lmk04808_inst/q_reg[pll_data][4][31]/C is not reached by a timing clock
Related violations: <none>

TIMING-17#101 Critical Warning
Non-clocked sequential cell  
The clock pin lmk04808_inst/q_reg[pll_data][4][3]/C is not reached by a timing clock
Related violations: <none>

TIMING-17#102 Critical Warning
Non-clocked sequential cell  
The clock pin lmk04808_inst/q_reg[pll_data][4][4]/C is not reached by a timing clock
Related violations: <none>

TIMING-17#103 Critical Warning
Non-clocked sequential cell  
The clock pin lmk04808_inst/q_reg[pll_data][4][5]/C is not reached by a timing clock
Related violations: <none>

TIMING-17#104 Critical Warning
Non-clocked sequential cell  
The clock pin lmk04808_inst/q_reg[pll_data][4][6]/C is not reached by a timing clock
Related violations: <none>

TIMING-17#105 Critical Warning
Non-clocked sequential cell  
The clock pin lmk04808_inst/q_reg[pll_data][4][7]/C is not reached by a timing clock
Related violations: <none>

TIMING-17#106 Critical Warning
Non-clocked sequential cell  
The clock pin lmk04808_inst/q_reg[pll_data][4][8]/C is not reached by a timing clock
Related violations: <none>

TIMING-17#107 Critical Warning
Non-clocked sequential cell  
The clock pin lmk04808_inst/q_reg[pll_data][4][9]/C is not reached by a timing clock
Related violations: <none>

TIMING-17#108 Critical Warning
Non-clocked sequential cell  
The clock pin lmk04808_inst/q_reg[pll_data_cnt][0]/C is not reached by a timing clock
Related violations: <none>

TIMING-17#109 Critical Warning
Non-clocked sequential cell  
The clock pin lmk04808_inst/q_reg[pll_data_cnt][1]/C is not reached by a timing clock
Related violations: <none>

TIMING-17#110 Critical Warning
Non-clocked sequential cell  
The clock pin lmk04808_inst/q_reg[pll_data_cnt][2]/C is not reached by a timing clock
Related violations: <none>

TIMING-17#111 Critical Warning
Non-clocked sequential cell  
The clock pin lmk04808_inst/q_reg[pll_data_cnt][3]/C is not reached by a timing clock
Related violations: <none>

TIMING-17#112 Critical Warning
Non-clocked sequential cell  
The clock pin lmk04808_inst/q_reg[pll_data_cnt][4]/C is not reached by a timing clock
Related violations: <none>

TIMING-17#113 Critical Warning
Non-clocked sequential cell  
The clock pin lmk04808_inst/q_reg[pll_data_in][0]/C is not reached by a timing clock
Related violations: <none>

TIMING-17#114 Critical Warning
Non-clocked sequential cell  
The clock pin lmk04808_inst/q_reg[pll_data_in][10]/C is not reached by a timing clock
Related violations: <none>

TIMING-17#115 Critical Warning
Non-clocked sequential cell  
The clock pin lmk04808_inst/q_reg[pll_data_in][11]/C is not reached by a timing clock
Related violations: <none>

TIMING-17#116 Critical Warning
Non-clocked sequential cell  
The clock pin lmk04808_inst/q_reg[pll_data_in][12]/C is not reached by a timing clock
Related violations: <none>

TIMING-17#117 Critical Warning
Non-clocked sequential cell  
The clock pin lmk04808_inst/q_reg[pll_data_in][13]/C is not reached by a timing clock
Related violations: <none>

TIMING-17#118 Critical Warning
Non-clocked sequential cell  
The clock pin lmk04808_inst/q_reg[pll_data_in][14]/C is not reached by a timing clock
Related violations: <none>

TIMING-17#119 Critical Warning
Non-clocked sequential cell  
The clock pin lmk04808_inst/q_reg[pll_data_in][15]/C is not reached by a timing clock
Related violations: <none>

TIMING-17#120 Critical Warning
Non-clocked sequential cell  
The clock pin lmk04808_inst/q_reg[pll_data_in][16]/C is not reached by a timing clock
Related violations: <none>

TIMING-17#121 Critical Warning
Non-clocked sequential cell  
The clock pin lmk04808_inst/q_reg[pll_data_in][17]/C is not reached by a timing clock
Related violations: <none>

TIMING-17#122 Critical Warning
Non-clocked sequential cell  
The clock pin lmk04808_inst/q_reg[pll_data_in][18]/C is not reached by a timing clock
Related violations: <none>

TIMING-17#123 Critical Warning
Non-clocked sequential cell  
The clock pin lmk04808_inst/q_reg[pll_data_in][19]/C is not reached by a timing clock
Related violations: <none>

TIMING-17#124 Critical Warning
Non-clocked sequential cell  
The clock pin lmk04808_inst/q_reg[pll_data_in][1]/C is not reached by a timing clock
Related violations: <none>

TIMING-17#125 Critical Warning
Non-clocked sequential cell  
The clock pin lmk04808_inst/q_reg[pll_data_in][20]/C is not reached by a timing clock
Related violations: <none>

TIMING-17#126 Critical Warning
Non-clocked sequential cell  
The clock pin lmk04808_inst/q_reg[pll_data_in][21]/C is not reached by a timing clock
Related violations: <none>

TIMING-17#127 Critical Warning
Non-clocked sequential cell  
The clock pin lmk04808_inst/q_reg[pll_data_in][22]/C is not reached by a timing clock
Related violations: <none>

TIMING-17#128 Critical Warning
Non-clocked sequential cell  
The clock pin lmk04808_inst/q_reg[pll_data_in][23]/C is not reached by a timing clock
Related violations: <none>

TIMING-17#129 Critical Warning
Non-clocked sequential cell  
The clock pin lmk04808_inst/q_reg[pll_data_in][24]/C is not reached by a timing clock
Related violations: <none>

TIMING-17#130 Critical Warning
Non-clocked sequential cell  
The clock pin lmk04808_inst/q_reg[pll_data_in][25]/C is not reached by a timing clock
Related violations: <none>

TIMING-17#131 Critical Warning
Non-clocked sequential cell  
The clock pin lmk04808_inst/q_reg[pll_data_in][26]/C is not reached by a timing clock
Related violations: <none>

TIMING-17#132 Critical Warning
Non-clocked sequential cell  
The clock pin lmk04808_inst/q_reg[pll_data_in][27]/C is not reached by a timing clock
Related violations: <none>

TIMING-17#133 Critical Warning
Non-clocked sequential cell  
The clock pin lmk04808_inst/q_reg[pll_data_in][28]/C is not reached by a timing clock
Related violations: <none>

TIMING-17#134 Critical Warning
Non-clocked sequential cell  
The clock pin lmk04808_inst/q_reg[pll_data_in][29]/C is not reached by a timing clock
Related violations: <none>

TIMING-17#135 Critical Warning
Non-clocked sequential cell  
The clock pin lmk04808_inst/q_reg[pll_data_in][2]/C is not reached by a timing clock
Related violations: <none>

TIMING-17#136 Critical Warning
Non-clocked sequential cell  
The clock pin lmk04808_inst/q_reg[pll_data_in][30]/C is not reached by a timing clock
Related violations: <none>

TIMING-17#137 Critical Warning
Non-clocked sequential cell  
The clock pin lmk04808_inst/q_reg[pll_data_in][31]/C is not reached by a timing clock
Related violations: <none>

TIMING-17#138 Critical Warning
Non-clocked sequential cell  
The clock pin lmk04808_inst/q_reg[pll_data_in][3]/C is not reached by a timing clock
Related violations: <none>

TIMING-17#139 Critical Warning
Non-clocked sequential cell  
The clock pin lmk04808_inst/q_reg[pll_data_in][4]/C is not reached by a timing clock
Related violations: <none>

TIMING-17#140 Critical Warning
Non-clocked sequential cell  
The clock pin lmk04808_inst/q_reg[pll_data_in][5]/C is not reached by a timing clock
Related violations: <none>

TIMING-17#141 Critical Warning
Non-clocked sequential cell  
The clock pin lmk04808_inst/q_reg[pll_data_in][6]/C is not reached by a timing clock
Related violations: <none>

TIMING-17#142 Critical Warning
Non-clocked sequential cell  
The clock pin lmk04808_inst/q_reg[pll_data_in][7]/C is not reached by a timing clock
Related violations: <none>

TIMING-17#143 Critical Warning
Non-clocked sequential cell  
The clock pin lmk04808_inst/q_reg[pll_data_in][8]/C is not reached by a timing clock
Related violations: <none>

TIMING-17#144 Critical Warning
Non-clocked sequential cell  
The clock pin lmk04808_inst/q_reg[pll_data_in][9]/C is not reached by a timing clock
Related violations: <none>

TIMING-17#145 Critical Warning
Non-clocked sequential cell  
The clock pin lmk04808_inst/q_reg[pll_ld_data][0]/C is not reached by a timing clock
Related violations: <none>

TIMING-17#146 Critical Warning
Non-clocked sequential cell  
The clock pin lmk04808_inst/q_reg[pll_ld_data][10]/C is not reached by a timing clock
Related violations: <none>

TIMING-17#147 Critical Warning
Non-clocked sequential cell  
The clock pin lmk04808_inst/q_reg[pll_ld_data][12]/C is not reached by a timing clock
Related violations: <none>

TIMING-17#148 Critical Warning
Non-clocked sequential cell  
The clock pin lmk04808_inst/q_reg[pll_ld_data][14]/C is not reached by a timing clock
Related violations: <none>

TIMING-17#149 Critical Warning
Non-clocked sequential cell  
The clock pin lmk04808_inst/q_reg[pll_ld_data][15]/C is not reached by a timing clock
Related violations: <none>

TIMING-17#150 Critical Warning
Non-clocked sequential cell  
The clock pin lmk04808_inst/q_reg[pll_ld_data][16]/C is not reached by a timing clock
Related violations: <none>

TIMING-17#151 Critical Warning
Non-clocked sequential cell  
The clock pin lmk04808_inst/q_reg[pll_ld_data][17]/C is not reached by a timing clock
Related violations: <none>

TIMING-17#152 Critical Warning
Non-clocked sequential cell  
The clock pin lmk04808_inst/q_reg[pll_ld_data][18]/C is not reached by a timing clock
Related violations: <none>

TIMING-17#153 Critical Warning
Non-clocked sequential cell  
The clock pin lmk04808_inst/q_reg[pll_ld_data][19]/C is not reached by a timing clock
Related violations: <none>

TIMING-17#154 Critical Warning
Non-clocked sequential cell  
The clock pin lmk04808_inst/q_reg[pll_ld_data][1]/C is not reached by a timing clock
Related violations: <none>

TIMING-17#155 Critical Warning
Non-clocked sequential cell  
The clock pin lmk04808_inst/q_reg[pll_ld_data][20]/C is not reached by a timing clock
Related violations: <none>

TIMING-17#156 Critical Warning
Non-clocked sequential cell  
The clock pin lmk04808_inst/q_reg[pll_ld_data][21]/C is not reached by a timing clock
Related violations: <none>

TIMING-17#157 Critical Warning
Non-clocked sequential cell  
The clock pin lmk04808_inst/q_reg[pll_ld_data][22]/C is not reached by a timing clock
Related violations: <none>

TIMING-17#158 Critical Warning
Non-clocked sequential cell  
The clock pin lmk04808_inst/q_reg[pll_ld_data][23]/C is not reached by a timing clock
Related violations: <none>

TIMING-17#159 Critical Warning
Non-clocked sequential cell  
The clock pin lmk04808_inst/q_reg[pll_ld_data][24]/C is not reached by a timing clock
Related violations: <none>

TIMING-17#160 Critical Warning
Non-clocked sequential cell  
The clock pin lmk04808_inst/q_reg[pll_ld_data][25]/C is not reached by a timing clock
Related violations: <none>

TIMING-17#161 Critical Warning
Non-clocked sequential cell  
The clock pin lmk04808_inst/q_reg[pll_ld_data][26]/C is not reached by a timing clock
Related violations: <none>

TIMING-17#162 Critical Warning
Non-clocked sequential cell  
The clock pin lmk04808_inst/q_reg[pll_ld_data][27]/C is not reached by a timing clock
Related violations: <none>

TIMING-17#163 Critical Warning
Non-clocked sequential cell  
The clock pin lmk04808_inst/q_reg[pll_ld_data][28]/C is not reached by a timing clock
Related violations: <none>

TIMING-17#164 Critical Warning
Non-clocked sequential cell  
The clock pin lmk04808_inst/q_reg[pll_ld_data][29]/C is not reached by a timing clock
Related violations: <none>

TIMING-17#165 Critical Warning
Non-clocked sequential cell  
The clock pin lmk04808_inst/q_reg[pll_ld_data][2]/C is not reached by a timing clock
Related violations: <none>

TIMING-17#166 Critical Warning
Non-clocked sequential cell  
The clock pin lmk04808_inst/q_reg[pll_ld_data][30]/C is not reached by a timing clock
Related violations: <none>

TIMING-17#167 Critical Warning
Non-clocked sequential cell  
The clock pin lmk04808_inst/q_reg[pll_ld_data][31]/C is not reached by a timing clock
Related violations: <none>

TIMING-17#168 Critical Warning
Non-clocked sequential cell  
The clock pin lmk04808_inst/q_reg[pll_ld_data][3]/C is not reached by a timing clock
Related violations: <none>

TIMING-17#169 Critical Warning
Non-clocked sequential cell  
The clock pin lmk04808_inst/q_reg[pll_ld_data][4]/C is not reached by a timing clock
Related violations: <none>

TIMING-17#170 Critical Warning
Non-clocked sequential cell  
The clock pin lmk04808_inst/q_reg[pll_ld_data][5]/C is not reached by a timing clock
Related violations: <none>

TIMING-17#171 Critical Warning
Non-clocked sequential cell  
The clock pin lmk04808_inst/q_reg[pll_ld_data][6]/C is not reached by a timing clock
Related violations: <none>

TIMING-17#172 Critical Warning
Non-clocked sequential cell  
The clock pin lmk04808_inst/q_reg[pll_ld_data][7]/C is not reached by a timing clock
Related violations: <none>

TIMING-17#173 Critical Warning
Non-clocked sequential cell  
The clock pin lmk04808_inst/q_reg[pll_ld_data][8]/C is not reached by a timing clock
Related violations: <none>

TIMING-17#174 Critical Warning
Non-clocked sequential cell  
The clock pin lmk04808_inst/q_reg[pll_ld_data][9]/C is not reached by a timing clock
Related violations: <none>

TIMING-17#175 Critical Warning
Non-clocked sequential cell  
The clock pin lmk04808_inst/q_reg[pll_rst]__0/C is not reached by a timing clock
Related violations: <none>

TIMING-17#176 Critical Warning
Non-clocked sequential cell  
The clock pin lmk04808_inst/q_reg[sclk_cnt][0]/C is not reached by a timing clock
Related violations: <none>

TIMING-17#177 Critical Warning
Non-clocked sequential cell  
The clock pin lmk04808_inst/q_reg[sclk_cnt][1]/C is not reached by a timing clock
Related violations: <none>

TIMING-17#178 Critical Warning
Non-clocked sequential cell  
The clock pin lmk04808_inst/q_reg[sclk_cnt][2]/C is not reached by a timing clock
Related violations: <none>

TIMING-17#179 Critical Warning
Non-clocked sequential cell  
The clock pin lmk04808_inst/q_reg[sclk_cnt][3]/C is not reached by a timing clock
Related violations: <none>

TIMING-17#180 Critical Warning
Non-clocked sequential cell  
The clock pin lmk04808_inst/q_reg[sclk_cnt][4]/C is not reached by a timing clock
Related violations: <none>

TIMING-17#181 Critical Warning
Non-clocked sequential cell  
The clock pin lmk04808_inst/q_reg[sclk_cnt][5]/C is not reached by a timing clock
Related violations: <none>

TIMING-17#182 Critical Warning
Non-clocked sequential cell  
The clock pin lmk04808_inst/q_reg[sclk_cnt][6]/C is not reached by a timing clock
Related violations: <none>

TIMING-17#183 Critical Warning
Non-clocked sequential cell  
The clock pin lmk04808_inst/q_reg[sclk_cnt][7]/C is not reached by a timing clock
Related violations: <none>

TIMING-17#184 Critical Warning
Non-clocked sequential cell  
The clock pin lmk04808_inst/q_reg[sclk_cnt][8]/C is not reached by a timing clock
Related violations: <none>

TIMING-17#185 Critical Warning
Non-clocked sequential cell  
The clock pin lmk04808_inst/state_reg[0]/C is not reached by a timing clock
Related violations: <none>

TIMING-17#186 Critical Warning
Non-clocked sequential cell  
The clock pin lmk04808_inst/state_reg[1]/C is not reached by a timing clock
Related violations: <none>

TIMING-17#187 Critical Warning
Non-clocked sequential cell  
The clock pin lmk04808_inst/state_reg[2]/C is not reached by a timing clock
Related violations: <none>

TIMING-17#188 Critical Warning
Non-clocked sequential cell  
The clock pin lmk04808_inst/state_reg[3]/C is not reached by a timing clock
Related violations: <none>

TIMING-18#1 Warning
Missing input or output delay  
An input delay is missing on cpu_resetn relative to clock(s) dac_clk, sys_clk
Related violations: <none>

TIMING-18#2 Warning
Missing input or output delay  
An output delay is missing on AD9781_ncs relative to clock(s) sys_clk
Related violations: <none>

TIMING-18#3 Warning
Missing input or output delay  
An output delay is missing on AD9781_rst relative to clock(s) sys_clk
Related violations: <none>

TIMING-18#4 Warning
Missing input or output delay  
An output delay is missing on AD9781_sclk relative to clock(s) sys_clk
Related violations: <none>

TIMING-18#5 Warning
Missing input or output delay  
An output delay is missing on AD9781_sdio relative to clock(s) sys_clk
Related violations: <none>

TIMING-18#6 Warning
Missing input or output delay  
An output delay is missing on dac_d_n[0] relative to clock(s) dac_clk
Related violations: <none>

TIMING-18#7 Warning
Missing input or output delay  
An output delay is missing on dac_d_n[10] relative to clock(s) dac_clk
Related violations: <none>

TIMING-18#8 Warning
Missing input or output delay  
An output delay is missing on dac_d_n[11] relative to clock(s) dac_clk
Related violations: <none>

TIMING-18#9 Warning
Missing input or output delay  
An output delay is missing on dac_d_n[12] relative to clock(s) dac_clk
Related violations: <none>

TIMING-18#10 Warning
Missing input or output delay  
An output delay is missing on dac_d_n[13] relative to clock(s) dac_clk
Related violations: <none>

TIMING-18#11 Warning
Missing input or output delay  
An output delay is missing on dac_d_n[1] relative to clock(s) dac_clk
Related violations: <none>

TIMING-18#12 Warning
Missing input or output delay  
An output delay is missing on dac_d_n[2] relative to clock(s) dac_clk
Related violations: <none>

TIMING-18#13 Warning
Missing input or output delay  
An output delay is missing on dac_d_n[3] relative to clock(s) dac_clk
Related violations: <none>

TIMING-18#14 Warning
Missing input or output delay  
An output delay is missing on dac_d_n[4] relative to clock(s) dac_clk
Related violations: <none>

TIMING-18#15 Warning
Missing input or output delay  
An output delay is missing on dac_d_n[5] relative to clock(s) dac_clk
Related violations: <none>

TIMING-18#16 Warning
Missing input or output delay  
An output delay is missing on dac_d_n[6] relative to clock(s) dac_clk
Related violations: <none>

TIMING-18#17 Warning
Missing input or output delay  
An output delay is missing on dac_d_n[7] relative to clock(s) dac_clk
Related violations: <none>

TIMING-18#18 Warning
Missing input or output delay  
An output delay is missing on dac_d_n[8] relative to clock(s) dac_clk
Related violations: <none>

TIMING-18#19 Warning
Missing input or output delay  
An output delay is missing on dac_d_n[9] relative to clock(s) dac_clk
Related violations: <none>

TIMING-18#20 Warning
Missing input or output delay  
An output delay is missing on dac_d_p[0] relative to clock(s) dac_clk
Related violations: <none>

TIMING-18#21 Warning
Missing input or output delay  
An output delay is missing on dac_d_p[10] relative to clock(s) dac_clk
Related violations: <none>

TIMING-18#22 Warning
Missing input or output delay  
An output delay is missing on dac_d_p[11] relative to clock(s) dac_clk
Related violations: <none>

TIMING-18#23 Warning
Missing input or output delay  
An output delay is missing on dac_d_p[12] relative to clock(s) dac_clk
Related violations: <none>

TIMING-18#24 Warning
Missing input or output delay  
An output delay is missing on dac_d_p[13] relative to clock(s) dac_clk
Related violations: <none>

TIMING-18#25 Warning
Missing input or output delay  
An output delay is missing on dac_d_p[1] relative to clock(s) dac_clk
Related violations: <none>

TIMING-18#26 Warning
Missing input or output delay  
An output delay is missing on dac_d_p[2] relative to clock(s) dac_clk
Related violations: <none>

TIMING-18#27 Warning
Missing input or output delay  
An output delay is missing on dac_d_p[3] relative to clock(s) dac_clk
Related violations: <none>

TIMING-18#28 Warning
Missing input or output delay  
An output delay is missing on dac_d_p[4] relative to clock(s) dac_clk
Related violations: <none>

TIMING-18#29 Warning
Missing input or output delay  
An output delay is missing on dac_d_p[5] relative to clock(s) dac_clk
Related violations: <none>

TIMING-18#30 Warning
Missing input or output delay  
An output delay is missing on dac_d_p[6] relative to clock(s) dac_clk
Related violations: <none>

TIMING-18#31 Warning
Missing input or output delay  
An output delay is missing on dac_d_p[7] relative to clock(s) dac_clk
Related violations: <none>

TIMING-18#32 Warning
Missing input or output delay  
An output delay is missing on dac_d_p[8] relative to clock(s) dac_clk
Related violations: <none>

TIMING-18#33 Warning
Missing input or output delay  
An output delay is missing on dac_d_p[9] relative to clock(s) dac_clk
Related violations: <none>

TIMING-18#34 Warning
Missing input or output delay  
An output delay is missing on dac_dci_n relative to clock(s) dac_clk
Related violations: <none>

TIMING-18#35 Warning
Missing input or output delay  
An output delay is missing on dac_dci_p relative to clock(s) dac_clk
Related violations: <none>

TIMING-18#36 Warning
Missing input or output delay  
An output delay is missing on gpio_led[0] relative to clock(s) sys_clk
Related violations: <none>

TIMING-18#37 Warning
Missing input or output delay  
An output delay is missing on gpio_led[1] relative to clock(s) sys_clk
Related violations: <none>

TIMING-18#38 Warning
Missing input or output delay  
An output delay is missing on gpio_led[2] relative to clock(s) sys_clk
Related violations: <none>

TIMING-18#39 Warning
Missing input or output delay  
An output delay is missing on gpio_led[3] relative to clock(s) sys_clk
Related violations: <none>

TIMING-18#40 Warning
Missing input or output delay  
An output delay is missing on gpio_led[4] relative to clock(s) sys_clk
Related violations: <none>

TIMING-18#41 Warning
Missing input or output delay  
An output delay is missing on gpio_led[5] relative to clock(s) sys_clk
Related violations: <none>

TIMING-18#42 Warning
Missing input or output delay  
An output delay is missing on gpio_led[6] relative to clock(s) sys_clk
Related violations: <none>

TIMING-18#43 Warning
Missing input or output delay  
An output delay is missing on gpio_led[7] relative to clock(s) sys_clk
Related violations: <none>

TIMING-18#44 Warning
Missing input or output delay  
An output delay is missing on pwr_en relative to clock(s) sys_clk
Related violations: <none>

TIMING-18#45 Warning
Missing input or output delay  
An output delay is missing on pwr_sync relative to clock(s) sys_clk
Related violations: <none>

TIMING-18#46 Warning
Missing input or output delay  
An output delay is missing on set_vadj[0] relative to clock(s) sys_clk
Related violations: <none>

TIMING-18#47 Warning
Missing input or output delay  
An output delay is missing on set_vadj[1] relative to clock(s) sys_clk
Related violations: <none>

TIMING-18#48 Warning
Missing input or output delay  
An output delay is missing on vadj_en relative to clock(s) sys_clk
Related violations: <none>


